<?xml version="1.0" encoding="UTF-8"?>
<!-- Generated by org.testng.reporters.JUnitReportReporter -->
<testsuite hostname="DESKTOP-KCVT8GQ" failures="0" tests="4" name="SearchAreaTestFirefox" time="163.960" errors="0" timestamp="2020-10-20T19:41:13 EEST" skipped="0">
  <testcase classname="SearchAreaTestFirefox" name="propertySearch" time="22.150"/>
  <system-out/>
  <testcase classname="SearchAreaTestFirefox" name="setSearchCriteria" time="9.736"/>
  <system-out/>
  <testcase classname="SearchAreaTestFirefox" name="verifySearchResults" time="69.115"/>
  <system-out/>
  <testcase classname="SearchAreaTestFirefox" name="verifyResultsSortedCorrectly" time="62.959"/>
  <system-out/>
</testsuite> <!-- SearchAreaTestFirefox -->
