<?xml version="1.0" encoding="UTF-8"?>
<!-- Generated by org.testng.reporters.JUnitReportReporter -->
<testsuite hostname="DESKTOP-KCVT8GQ" failures="0" tests="4" name="SearchAreaTestFirefox" time="136.944" errors="0" timestamp="2020-10-20T09:06:54 EEST" skipped="0">
  <testcase classname="SearchAreaTestFirefox" name="propertySearch" time="24.747"/>
  <system-out/>
  <testcase classname="SearchAreaTestFirefox" name="setSearchCriteria" time="10.174"/>
  <system-out/>
  <testcase classname="SearchAreaTestFirefox" name="verifySearchResults" time="73.484"/>
  <system-out/>
  <testcase classname="SearchAreaTestFirefox" name="verifyResultsSortedCorrectly" time="28.539"/>
  <system-out/>
</testsuite> <!-- SearchAreaTestFirefox -->
