<?xml version="1.0" encoding="UTF-8"?>
<!-- Generated by org.testng.reporters.JUnitReportReporter -->
<testsuite hostname="DESKTOP-KCVT8GQ" failures="0" tests="4" name="SearchAreaTest" time="107.789" errors="0" timestamp="2020-10-20T20:41:58 EEST" skipped="0">
  <testcase classname="SearchAreaTest" name="propertySearch" time="13.821"/>
  <system-out/>
  <testcase classname="SearchAreaTest" name="setSearchCriteria" time="8.831"/>
  <system-out/>
  <testcase classname="SearchAreaTest" name="verifySearchResults" time="41.102"/>
  <system-out/>
  <testcase classname="SearchAreaTest" name="verifyResultsSortedCorrectly" time="44.035"/>
  <system-out/>
</testsuite> <!-- SearchAreaTest -->
