<?xml version="1.0" encoding="UTF-8"?>
<!-- Generated by org.testng.reporters.JUnitReportReporter -->
<testsuite hostname="DESKTOP-KCVT8GQ" failures="0" tests="4" name="SearchAreaTestEdge" time="216.767" errors="0" timestamp="2020-10-20T07:19:01 EEST" skipped="0">
  <testcase classname="SearchAreaTestEdge" name="propertySearch" time="21.562"/>
  <system-out/>
  <testcase classname="SearchAreaTestEdge" name="setSearchCriteria" time="3.938"/>
  <system-out/>
  <testcase classname="SearchAreaTestEdge" name="verifySearchResults" time="125.962"/>
  <system-out/>
  <testcase classname="SearchAreaTestEdge" name="verifyResultsSortedCorrectly" time="65.305"/>
  <system-out/>
</testsuite> <!-- SearchAreaTestEdge -->
