<?xml version="1.0" encoding="UTF-8"?>
<!-- Generated by org.testng.reporters.JUnitReportReporter -->
<testsuite hostname="DESKTOP-KCVT8GQ" failures="0" tests="4" name="SearchAreaTestEdge" time="134.132" errors="0" timestamp="2020-10-20T19:46:24 EEST" skipped="0">
  <testcase classname="SearchAreaTestEdge" name="propertySearch" time="21.798"/>
  <system-out/>
  <testcase classname="SearchAreaTestEdge" name="setSearchCriteria" time="5.261"/>
  <system-out/>
  <testcase classname="SearchAreaTestEdge" name="verifySearchResults" time="55.323"/>
  <system-out/>
  <testcase classname="SearchAreaTestEdge" name="verifyResultsSortedCorrectly" time="51.750"/>
  <system-out/>
</testsuite> <!-- SearchAreaTestEdge -->
