<?xml version="1.0" encoding="UTF-8"?>
<!-- Generated by org.testng.reporters.JUnitReportReporter -->
<testsuite hostname="DESKTOP-KCVT8GQ" failures="0" tests="4" name="SearchAreaTestEdge" time="102.969" errors="0" timestamp="2020-10-20T20:44:19 EEST" skipped="0">
  <testcase classname="SearchAreaTestEdge" name="propertySearch" time="14.602"/>
  <system-out/>
  <testcase classname="SearchAreaTestEdge" name="setSearchCriteria" time="4.167"/>
  <system-out/>
  <testcase classname="SearchAreaTestEdge" name="verifySearchResults" time="43.310"/>
  <system-out/>
  <testcase classname="SearchAreaTestEdge" name="verifyResultsSortedCorrectly" time="40.890"/>
  <system-out/>
</testsuite> <!-- SearchAreaTestEdge -->
