<?xml version="1.0" encoding="UTF-8"?>
<!-- Generated by org.testng.reporters.JUnitReportReporter -->
<testsuite hostname="DESKTOP-KCVT8GQ" failures="0" tests="4" name="SearchAreaTestFirefox" time="134.670" errors="0" timestamp="2020-10-20T20:47:27 EEST" skipped="0">
  <testcase classname="SearchAreaTestFirefox" name="propertySearch" time="20.368"/>
  <system-out/>
  <testcase classname="SearchAreaTestFirefox" name="setSearchCriteria" time="15.299"/>
  <system-out/>
  <testcase classname="SearchAreaTestFirefox" name="verifySearchResults" time="46.576"/>
  <system-out/>
  <testcase classname="SearchAreaTestFirefox" name="verifyResultsSortedCorrectly" time="52.427"/>
  <system-out/>
</testsuite> <!-- SearchAreaTestFirefox -->
