<?xml version="1.0" encoding="UTF-8"?>
<!-- Generated by org.testng.reporters.JUnitReportReporter -->
<testsuite hostname="DESKTOP-KCVT8GQ" failures="0" tests="4" name="SearchAreaTest" time="231.996" errors="0" timestamp="2020-10-20T19:36:42 EEST" skipped="0">
  <testcase classname="SearchAreaTest" name="propertySearch" time="17.271"/>
  <system-out/>
  <testcase classname="SearchAreaTest" name="setSearchCriteria" time="3.341"/>
  <system-out/>
  <testcase classname="SearchAreaTest" name="verifySearchResults" time="156.652"/>
  <system-out/>
  <testcase classname="SearchAreaTest" name="verifyResultsSortedCorrectly" time="54.732"/>
  <system-out/>
</testsuite> <!-- SearchAreaTest -->
