<?xml version="1.0" encoding="UTF-8"?>
<!-- Generated by org.testng.reporters.JUnitReportReporter -->
<testsuite hostname="DESKTOP-KCVT8GQ" failures="0" tests="4" name="SearchAreaTest" time="251.601" errors="0" timestamp="2020-10-20T09:16:19 EEST" skipped="0">
  <testcase classname="SearchAreaTest" name="propertySearch" time="18.364"/>
  <system-out/>
  <testcase classname="SearchAreaTest" name="setSearchCriteria" time="2.972"/>
  <system-out/>
  <testcase classname="SearchAreaTest" name="verifySearchResults" time="178.711"/>
  <system-out/>
  <testcase classname="SearchAreaTest" name="verifyResultsSortedCorrectly" time="51.554"/>
  <system-out/>
</testsuite> <!-- SearchAreaTest -->
